2025-09-10 18:39:07 | INFO | Sent message to topic 'buzzline_json': {'message': 'Have a great day!', 'author': 'Diana'}
2025-09-10 18:39:07 | INFO | Processed JSON message: {'message': 'Have a great day!', 'author': 'Diana'}
2025-09-10 18:39:07 | INFO | Message received from author: Diana
2025-09-10 18:39:07 | INFO | Updated author counts: {'Eve': 40, 'Alice': 56, 'Charlie': 34, 'Diana': 65, 'Bob': 39}
2025-09-10 18:39:08 | INFO | Sent message to topic 'buzzline_json': {'message': 'Hello, Kafka world!', 'author': 'Alice'}
2025-09-10 18:39:08 | INFO | Processed JSON message: {'message': 'Hello, Kafka world!', 'author': 'Alice'}
2025-09-10 18:39:08 | INFO | Message received from author: Alice
2025-09-10 18:39:08 | INFO | Updated author counts: {'Eve': 40, 'Alice': 57, 'Charlie': 34, 'Diana': 65, 'Bob': 39}
2025-09-10 18:39:09 | INFO | Sent message to topic 'buzzline_json': {'message': 'JSON makes life easier.', 'author': 'Alice'}
2025-09-10 18:39:09 | INFO | Processed JSON message: {'message': 'JSON makes life easier.', 'author': 'Alice'}
2025-09-10 18:39:09 | INFO | Message received from author: Alice
2025-09-10 18:39:09 | INFO | Updated author counts: {'Eve': 40, 'Alice': 58, 'Charlie': 34, 'Diana': 65, 'Bob': 39}
2025-09-10 18:39:10 | INFO | Sent message to topic 'buzzline_json': {'message': 'Buzz messages for everyone.', 'author': 'Charlie'}
2025-09-10 18:39:10 | INFO | Processed JSON message: {'message': 'Buzz messages for everyone.', 'author': 'Charlie'}
2025-09-10 18:39:10 | INFO | Message received from author: Charlie
2025-09-10 18:39:10 | INFO | Updated author counts: {'Eve': 40, 'Alice': 58, 'Charlie': 35, 'Diana': 65, 'Bob': 39}
2025-09-10 18:39:11 | INFO | Sent message to topic 'buzzline_json': {'message': 'Buzz messages for everyone.', 'author': 'Bob'}
2025-09-10 18:39:11 | INFO | Processed JSON message: {'message': 'Buzz messages for everyone.', 'author': 'Bob'}
2025-09-10 18:39:11 | INFO | Message received from author: Bob
2025-09-10 18:39:11 | INFO | Updated author counts: {'Eve': 40, 'Alice': 58, 'Charlie': 35, 'Diana': 65, 'Bob': 40}
2025-09-10 18:39:12 | INFO | Sent message to topic 'buzzline_json': {'message': 'Streaming data is fun.', 'author': 'Diana'}
2025-09-10 18:39:12 | INFO | Processed JSON message: {'message': 'Streaming data is fun.', 'author': 'Diana'}
2025-09-10 18:39:12 | INFO | Message received from author: Diana
2025-09-10 18:39:12 | INFO | Updated author counts: {'Eve': 40, 'Alice': 58, 'Charlie': 35, 'Diana': 66, 'Bob': 40}
2025-09-10 18:39:13 | INFO | Sent message to topic 'buzzline_json': {'message': 'Have a great day!', 'author': 'Diana'}
2025-09-10 18:39:13 | INFO | Processed JSON message: {'message': 'Have a great day!', 'author': 'Diana'}
2025-09-10 18:39:13 | INFO | Message received from author: Diana
2025-09-10 18:39:13 | INFO | Updated author counts: {'Eve': 40, 'Alice': 58, 'Charlie': 35, 'Diana': 67, 'Bob': 40}
2025-09-10 18:39:14 | INFO | Sent message to topic 'buzzline_json': {'message': 'I love Python!', 'author': 'Alice'}
2025-09-10 18:39:14 | INFO | Processed JSON message: {'message': 'I love Python!', 'author': 'Alice'}
2025-09-10 18:39:14 | INFO | Message received from author: Alice
2025-09-10 18:39:14 | INFO | Updated author counts: {'Eve': 40, 'Alice': 59, 'Charlie': 35, 'Diana': 67, 'Bob': 40}
2025-09-10 18:39:15 | INFO | Sent message to topic 'buzzline_json': {'message': 'Streaming data is fun.', 'author': 'Charlie'}
2025-09-10 18:39:15 | INFO | Processed JSON message: {'message': 'Streaming data is fun.', 'author': 'Charlie'}
2025-09-10 18:39:15 | INFO | Message received from author: Charlie
2025-09-10 18:39:15 | INFO | Updated author counts: {'Eve': 40, 'Alice': 59, 'Charlie': 36, 'Diana': 67, 'Bob': 40}
2025-09-10 18:39:16 | INFO | Sent message to topic 'buzzline_json': {'message': 'Kafka is awesome.', 'author': 'Alice'}
2025-09-10 18:39:16 | INFO | Processed JSON message: {'message': 'Kafka is awesome.', 'author': 'Alice'}
2025-09-10 18:39:16 | INFO | Message received from author: Alice
2025-09-10 18:39:16 | INFO | Updated author counts: {'Eve': 40, 'Alice': 60, 'Charlie': 36, 'Diana': 67, 'Bob': 40}
2025-09-10 18:39:17 | INFO | Sent message to topic 'buzzline_json': {'message': 'Kafka is awesome.', 'author': 'Diana'}
2025-09-10 18:39:17 | INFO | Processed JSON message: {'message': 'Kafka is awesome.', 'author': 'Diana'}
2025-09-10 18:39:17 | INFO | Message received from author: Diana
2025-09-10 18:39:17 | INFO | Updated author counts: {'Eve': 40, 'Alice': 60, 'Charlie': 36, 'Diana': 68, 'Bob': 40}
2025-09-10 18:39:18 | INFO | Sent message to topic 'buzzline_json': {'message': 'Kafka is awesome.', 'author': 'Alice'}
2025-09-10 18:39:18 | INFO | Processed JSON message: {'message': 'Kafka is awesome.', 'author': 'Alice'}
2025-09-10 18:39:18 | INFO | Message received from author: Alice
2025-09-10 18:39:18 | INFO | Updated author counts: {'Eve': 40, 'Alice': 61, 'Charlie': 36, 'Diana': 68, 'Bob': 40}
2025-09-10 18:39:19 | INFO | Sent message to topic 'buzzline_json': {'message': 'JSON makes life easier.', 'author': 'Bob'}
2025-09-10 18:39:19 | INFO | Processed JSON message: {'message': 'JSON makes life easier.', 'author': 'Bob'}
2025-09-10 18:39:19 | INFO | Message received from author: Bob
2025-09-10 18:39:19 | INFO | Updated author counts: {'Eve': 40, 'Alice': 61, 'Charlie': 36, 'Diana': 68, 'Bob': 41}
2025-09-10 18:39:20 | INFO | Sent message to topic 'buzzline_json': {'message': 'This is a buzz message.', 'author': 'Bob'}
2025-09-10 18:39:20 | INFO | Processed JSON message: {'message': 'This is a buzz message.', 'author': 'Bob'}
2025-09-10 18:39:20 | INFO | Message received from author: Bob
2025-09-10 18:39:20 | INFO | Updated author counts: {'Eve': 40, 'Alice': 61, 'Charlie': 36, 'Diana': 68, 'Bob': 42}
2025-09-10 18:39:21 | INFO | Sent message to topic 'buzzline_json': {'message': 'Streaming data is fun.', 'author': 'Diana'}
2025-09-10 18:39:21 | INFO | Processed JSON message: {'message': 'Streaming data is fun.', 'author': 'Diana'}
2025-09-10 18:39:21 | INFO | Message received from author: Diana
2025-09-10 18:39:21 | INFO | Updated author counts: {'Eve': 40, 'Alice': 61, 'Charlie': 36, 'Diana': 69, 'Bob': 42}
2025-09-10 18:39:22 | INFO | Sent message to topic 'buzzline_json': {'message': 'Have a great day!', 'author': 'Bob'}
2025-09-10 18:39:22 | INFO | Processed JSON message: {'message': 'Have a great day!', 'author': 'Bob'}
2025-09-10 18:39:22 | INFO | Message received from author: Bob
2025-09-10 18:39:22 | INFO | Updated author counts: {'Eve': 40, 'Alice': 61, 'Charlie': 36, 'Diana': 69, 'Bob': 43}
2025-09-10 18:39:23 | INFO | Sent message to topic 'buzzline_json': {'message': 'This is a buzz message.', 'author': 'Eve'}
2025-09-10 18:39:23 | INFO | Processed JSON message: {'message': 'This is a buzz message.', 'author': 'Eve'}
2025-09-10 18:39:23 | INFO | Message received from author: Eve
2025-09-10 18:39:23 | INFO | Updated author counts: {'Eve': 41, 'Alice': 61, 'Charlie': 36, 'Diana': 69, 'Bob': 43}
2025-09-10 18:39:24 | INFO | Sent message to topic 'buzzline_json': {'message': 'Hello, Kafka world!', 'author': 'Bob'}
2025-09-10 18:39:24 | INFO | Processed JSON message: {'message': 'Hello, Kafka world!', 'author': 'Bob'}
2025-09-10 18:39:24 | INFO | Message received from author: Bob
2025-09-10 18:39:24 | INFO | Updated author counts: {'Eve': 41, 'Alice': 61, 'Charlie': 36, 'Diana': 69, 'Bob': 44}
2025-09-10 18:39:25 | INFO | Sent message to topic 'buzzline_json': {'message': 'This is a buzz message.', 'author': 'Alice'}
2025-09-10 18:39:25 | INFO | Processed JSON message: {'message': 'This is a buzz message.', 'author': 'Alice'}
2025-09-10 18:39:25 | INFO | Message received from author: Alice
2025-09-10 18:39:25 | INFO | Updated author counts: {'Eve': 41, 'Alice': 62, 'Charlie': 36, 'Diana': 69, 'Bob': 44}
2025-09-10 18:39:26 | INFO | Sent message to topic 'buzzline_json': {'message': 'Streaming data is fun.', 'author': 'Eve'}
2025-09-10 18:39:26 | INFO | Processed JSON message: {'message': 'Streaming data is fun.', 'author': 'Eve'}
2025-09-10 18:39:26 | INFO | Message received from author: Eve
2025-09-10 18:39:26 | INFO | Updated author counts: {'Eve': 42, 'Alice': 62, 'Charlie': 36, 'Diana': 69, 'Bob': 44}
2025-09-10 18:39:27 | INFO | Sent message to topic 'buzzline_json': {'message': 'Kafka is awesome.', 'author': 'Alice'}
2025-09-10 18:39:27 | INFO | Processed JSON message: {'message': 'Kafka is awesome.', 'author': 'Alice'}
2025-09-10 18:39:27 | INFO | Message received from author: Alice
2025-09-10 18:39:27 | INFO | Updated author counts: {'Eve': 42, 'Alice': 63, 'Charlie': 36, 'Diana': 69, 'Bob': 44}
2025-09-10 18:39:28 | INFO | Sent message to topic 'buzzline_json': {'message': 'JSON makes life easier.', 'author': 'Bob'}
2025-09-10 18:39:28 | INFO | Processed JSON message: {'message': 'JSON makes life easier.', 'author': 'Bob'}
2025-09-10 18:39:28 | INFO | Message received from author: Bob
2025-09-10 18:39:28 | INFO | Updated author counts: {'Eve': 42, 'Alice': 63, 'Charlie': 36, 'Diana': 69, 'Bob': 45}
2025-09-10 18:39:29 | INFO | Sent message to topic 'buzzline_json': {'message': 'This is a buzz message.', 'author': 'Charlie'}
2025-09-10 18:39:29 | INFO | Processed JSON message: {'message': 'This is a buzz message.', 'author': 'Charlie'}
2025-09-10 18:39:29 | INFO | Message received from author: Charlie
2025-09-10 18:39:29 | INFO | Updated author counts: {'Eve': 42, 'Alice': 63, 'Charlie': 37, 'Diana': 69, 'Bob': 45}
2025-09-10 18:39:30 | INFO | Sent message to topic 'buzzline_json': {'message': 'Have a great day!', 'author': 'Diana'}
2025-09-10 18:39:30 | INFO | Processed JSON message: {'message': 'Have a great day!', 'author': 'Diana'}
2025-09-10 18:39:30 | INFO | Message received from author: Diana
2025-09-10 18:39:30 | INFO | Updated author counts: {'Eve': 42, 'Alice': 63, 'Charlie': 37, 'Diana': 70, 'Bob': 45}
2025-09-10 18:39:31 | INFO | Sent message to topic 'buzzline_json': {'message': 'Distributed systems are fascinating.', 'author': 'Bob'}
2025-09-10 18:39:31 | INFO | Processed JSON message: {'message': 'Distributed systems are fascinating.', 'author': 'Bob'}
2025-09-10 18:39:31 | INFO | Message received from author: Bob
2025-09-10 18:39:31 | INFO | Updated author counts: {'Eve': 42, 'Alice': 63, 'Charlie': 37, 'Diana': 70, 'Bob': 46}
2025-09-10 18:39:32 | INFO | Sent message to topic 'buzzline_json': {'message': 'Kafka is awesome.', 'author': 'Alice'}
2025-09-10 18:39:32 | INFO | Processed JSON message: {'message': 'Kafka is awesome.', 'author': 'Alice'}
2025-09-10 18:39:32 | INFO | Message received from author: Alice
2025-09-10 18:39:32 | INFO | Updated author counts: {'Eve': 42, 'Alice': 64, 'Charlie': 37, 'Diana': 70, 'Bob': 46}
2025-09-10 18:39:33 | INFO | Sent message to topic 'buzzline_json': {'message': 'Streaming data is fun.', 'author': 'Alice'}
2025-09-10 18:39:33 | INFO | Processed JSON message: {'message': 'Streaming data is fun.', 'author': 'Alice'}
2025-09-10 18:39:33 | INFO | Message received from author: Alice
2025-09-10 18:39:33 | INFO | Updated author counts: {'Eve': 42, 'Alice': 65, 'Charlie': 37, 'Diana': 70, 'Bob': 46}
2025-09-10 18:39:34 | INFO | Sent message to topic 'buzzline_json': {'message': 'Have a great day!', 'author': 'Diana'}
2025-09-10 18:39:34 | INFO | Processed JSON message: {'message': 'Have a great day!', 'author': 'Diana'}
2025-09-10 18:39:34 | INFO | Message received from author: Diana
2025-09-10 18:39:34 | INFO | Updated author counts: {'Eve': 42, 'Alice': 65, 'Charlie': 37, 'Diana': 71, 'Bob': 46}
2025-09-10 18:39:35 | INFO | Sent message to topic 'buzzline_json': {'message': 'Streaming data is fun.', 'author': 'Alice'}
2025-09-10 18:39:35 | INFO | Processed JSON message: {'message': 'Streaming data is fun.', 'author': 'Alice'}
2025-09-10 18:39:35 | INFO | Message received from author: Alice
2025-09-10 18:39:35 | INFO | Updated author counts: {'Eve': 42, 'Alice': 66, 'Charlie': 37, 'Diana': 71, 'Bob': 46}
2025-09-10 18:39:36 | INFO | Sent message to topic 'buzzline_json': {'message': 'This is a buzz message.', 'author': 'Diana'}
2025-09-10 18:39:36 | INFO | Processed JSON message: {'message': 'This is a buzz message.', 'author': 'Diana'}
2025-09-10 18:39:36 | INFO | Message received from author: Diana
2025-09-10 18:39:36 | INFO | Updated author counts: {'Eve': 42, 'Alice': 66, 'Charlie': 37, 'Diana': 72, 'Bob': 46}
2025-09-10 18:39:37 | INFO | Sent message to topic 'buzzline_json': {'message': 'Data engineering is my passion.', 'author': 'Bob'}
2025-09-10 18:39:37 | INFO | Processed JSON message: {'message': 'Data engineering is my passion.', 'author': 'Bob'}
2025-09-10 18:39:37 | INFO | Message received from author: Bob
2025-09-10 18:39:37 | INFO | Updated author counts: {'Eve': 42, 'Alice': 66, 'Charlie': 37, 'Diana': 72, 'Bob': 47}
2025-09-10 18:39:38 | INFO | Sent message to topic 'buzzline_json': {'message': 'Have a great day!', 'author': 'Diana'}
2025-09-10 18:39:38 | INFO | Processed JSON message: {'message': 'Have a great day!', 'author': 'Diana'}
2025-09-10 18:39:38 | INFO | Message received from author: Diana
2025-09-10 18:39:38 | INFO | Updated author counts: {'Eve': 42, 'Alice': 66, 'Charlie': 37, 'Diana': 73, 'Bob': 47}
2025-09-10 18:39:39 | INFO | Sent message to topic 'buzzline_json': {'message': 'Kafka is awesome.', 'author': 'Alice'}
2025-09-10 18:39:39 | INFO | Processed JSON message: {'message': 'Kafka is awesome.', 'author': 'Alice'}
2025-09-10 18:39:39 | INFO | Message received from author: Alice
2025-09-10 18:39:39 | INFO | Updated author counts: {'Eve': 42, 'Alice': 67, 'Charlie': 37, 'Diana': 73, 'Bob': 47}
2025-09-10 18:39:40 | INFO | Sent message to topic 'buzzline_json': {'message': 'Kafka is awesome.', 'author': 'Eve'}
2025-09-10 18:39:40 | INFO | Processed JSON message: {'message': 'Kafka is awesome.', 'author': 'Eve'}
2025-09-10 18:39:40 | INFO | Message received from author: Eve
2025-09-10 18:39:40 | INFO | Updated author counts: {'Eve': 43, 'Alice': 67, 'Charlie': 37, 'Diana': 73, 'Bob': 47}
2025-09-10 18:39:41 | INFO | Sent message to topic 'buzzline_json': {'message': 'Have a great day!', 'author': 'Diana'}
2025-09-10 18:39:41 | INFO | Processed JSON message: {'message': 'Have a great day!', 'author': 'Diana'}
2025-09-10 18:39:41 | INFO | Message received from author: Diana
2025-09-10 18:39:41 | INFO | Updated author counts: {'Eve': 43, 'Alice': 67, 'Charlie': 37, 'Diana': 74, 'Bob': 47}
2025-09-10 18:39:42 | INFO | Sent message to topic 'buzzline_json': {'message': 'Buzz messages for everyone.', 'author': 'Charlie'}
2025-09-10 18:39:42 | INFO | Processed JSON message: {'message': 'Buzz messages for everyone.', 'author': 'Charlie'}
2025-09-10 18:39:42 | INFO | Message received from author: Charlie
2025-09-10 18:39:42 | INFO | Updated author counts: {'Eve': 43, 'Alice': 67, 'Charlie': 38, 'Diana': 74, 'Bob': 47}
2025-09-10 18:39:43 | INFO | Sent message to topic 'buzzline_json': {'message': 'This is a buzz message.', 'author': 'Charlie'}
2025-09-10 18:39:43 | INFO | Processed JSON message: {'message': 'This is a buzz message.', 'author': 'Charlie'}
2025-09-10 18:39:43 | INFO | Message received from author: Charlie
2025-09-10 18:39:43 | INFO | Updated author counts: {'Eve': 43, 'Alice': 67, 'Charlie': 39, 'Diana': 74, 'Bob': 47}
2025-09-10 18:39:44 | INFO | Sent message to topic 'buzzline_json': {'message': 'Streaming data is fun.', 'author': 'Alice'}
2025-09-10 18:39:44 | INFO | Processed JSON message: {'message': 'Streaming data is fun.', 'author': 'Alice'}
2025-09-10 18:39:44 | INFO | Message received from author: Alice
2025-09-10 18:39:44 | INFO | Updated author counts: {'Eve': 43, 'Alice': 68, 'Charlie': 39, 'Diana': 74, 'Bob': 47}
2025-09-10 18:39:45 | INFO | Sent message to topic 'buzzline_json': {'message': 'Hello, Kafka world!', 'author': 'Diana'}
2025-09-10 18:39:45 | INFO | Processed JSON message: {'message': 'Hello, Kafka world!', 'author': 'Diana'}
2025-09-10 18:39:45 | INFO | Message received from author: Diana
2025-09-10 18:39:45 | INFO | Updated author counts: {'Eve': 43, 'Alice': 68, 'Charlie': 39, 'Diana': 75, 'Bob': 47}
2025-09-10 18:39:46 | INFO | Sent message to topic 'buzzline_json': {'message': 'Kafka is awesome.', 'author': 'Bob'}
2025-09-10 18:39:46 | INFO | Processed JSON message: {'message': 'Kafka is awesome.', 'author': 'Bob'}
2025-09-10 18:39:46 | INFO | Message received from author: Bob
2025-09-10 18:39:46 | INFO | Updated author counts: {'Eve': 43, 'Alice': 68, 'Charlie': 39, 'Diana': 75, 'Bob': 48}
2025-09-10 18:39:47 | INFO | Sent message to topic 'buzzline_json': {'message': 'I love Python!', 'author': 'Eve'}
2025-09-10 18:39:47 | INFO | Processed JSON message: {'message': 'I love Python!', 'author': 'Eve'}
2025-09-10 18:39:47 | INFO | Message received from author: Eve
2025-09-10 18:39:47 | INFO | Updated author counts: {'Eve': 44, 'Alice': 68, 'Charlie': 39, 'Diana': 75, 'Bob': 48}
2025-09-10 18:39:48 | INFO | Sent message to topic 'buzzline_json': {'message': 'JSON makes life easier.', 'author': 'Charlie'}
2025-09-10 18:39:48 | INFO | Processed JSON message: {'message': 'JSON makes life easier.', 'author': 'Charlie'}
2025-09-10 18:39:48 | INFO | Message received from author: Charlie
2025-09-10 18:39:48 | INFO | Updated author counts: {'Eve': 44, 'Alice': 68, 'Charlie': 40, 'Diana': 75, 'Bob': 48}
2025-09-10 18:39:49 | INFO | Sent message to topic 'buzzline_json': {'message': 'I love Python!', 'author': 'Charlie'}
2025-09-10 18:39:49 | INFO | Processed JSON message: {'message': 'I love Python!', 'author': 'Charlie'}
2025-09-10 18:39:49 | INFO | Message received from author: Charlie
2025-09-10 18:39:49 | INFO | Updated author counts: {'Eve': 44, 'Alice': 68, 'Charlie': 41, 'Diana': 75, 'Bob': 48}
2025-09-10 18:39:50 | INFO | Sent message to topic 'buzzline_json': {'message': 'I love Python!', 'author': 'Charlie'}
2025-09-10 18:39:50 | INFO | Processed JSON message: {'message': 'I love Python!', 'author': 'Charlie'}
2025-09-10 18:39:50 | INFO | Message received from author: Charlie
2025-09-10 18:39:50 | INFO | Updated author counts: {'Eve': 44, 'Alice': 68, 'Charlie': 42, 'Diana': 75, 'Bob': 48}
2025-09-10 18:39:51 | INFO | Sent message to topic 'buzzline_json': {'message': 'I love Python!', 'author': 'Diana'}
2025-09-10 18:39:51 | INFO | Processed JSON message: {'message': 'I love Python!', 'author': 'Diana'}
2025-09-10 18:39:51 | INFO | Message received from author: Diana
2025-09-10 18:39:51 | INFO | Updated author counts: {'Eve': 44, 'Alice': 68, 'Charlie': 42, 'Diana': 76, 'Bob': 48}
2025-09-10 18:39:52 | INFO | Sent message to topic 'buzzline_json': {'message': 'Streaming data is fun.', 'author': 'Diana'}
2025-09-10 18:39:52 | INFO | Processed JSON message: {'message': 'Streaming data is fun.', 'author': 'Diana'}
2025-09-10 18:39:52 | INFO | Message received from author: Diana
2025-09-10 18:39:52 | INFO | Updated author counts: {'Eve': 44, 'Alice': 68, 'Charlie': 42, 'Diana': 77, 'Bob': 48}
2025-09-10 18:39:53 | INFO | Sent message to topic 'buzzline_json': {'message': 'Data engineering is my passion.', 'author': 'Eve'}
2025-09-10 18:39:53 | INFO | Processed JSON message: {'message': 'Data engineering is my passion.', 'author': 'Eve'}
2025-09-10 18:39:53 | INFO | Message received from author: Eve
2025-09-10 18:39:53 | INFO | Updated author counts: {'Eve': 45, 'Alice': 68, 'Charlie': 42, 'Diana': 77, 'Bob': 48}
2025-09-10 18:39:54 | INFO | Sent message to topic 'buzzline_json': {'message': 'Buzz messages for everyone.', 'author': 'Eve'}
2025-09-10 18:39:54 | INFO | Processed JSON message: {'message': 'Buzz messages for everyone.', 'author': 'Eve'}
2025-09-10 18:39:54 | INFO | Message received from author: Eve
2025-09-10 18:39:54 | INFO | Updated author counts: {'Eve': 46, 'Alice': 68, 'Charlie': 42, 'Diana': 77, 'Bob': 48}
2025-09-10 18:39:55 | INFO | Sent message to topic 'buzzline_json': {'message': 'JSON makes life easier.', 'author': 'Eve'}
2025-09-10 18:39:55 | INFO | Processed JSON message: {'message': 'JSON makes life easier.', 'author': 'Eve'}
2025-09-10 18:39:55 | INFO | Message received from author: Eve
2025-09-10 18:39:55 | INFO | Updated author counts: {'Eve': 47, 'Alice': 68, 'Charlie': 42, 'Diana': 77, 'Bob': 48}
2025-09-10 18:39:56 | INFO | Sent message to topic 'buzzline_json': {'message': 'Have a great day!', 'author': 'Alice'}
2025-09-10 18:39:56 | INFO | Processed JSON message: {'message': 'Have a great day!', 'author': 'Alice'}
2025-09-10 18:39:56 | INFO | Message received from author: Alice
2025-09-10 18:39:56 | INFO | Updated author counts: {'Eve': 47, 'Alice': 69, 'Charlie': 42, 'Diana': 77, 'Bob': 48}
2025-09-10 18:39:57 | INFO | Sent message to topic 'buzzline_json': {'message': 'I love Python!', 'author': 'Bob'}
2025-09-10 18:39:57 | INFO | Processed JSON message: {'message': 'I love Python!', 'author': 'Bob'}
2025-09-10 18:39:57 | INFO | Message received from author: Bob
2025-09-10 18:39:57 | INFO | Updated author counts: {'Eve': 47, 'Alice': 69, 'Charlie': 42, 'Diana': 77, 'Bob': 49}
2025-09-10 18:39:58 | INFO | Sent message to topic 'buzzline_json': {'message': 'I love Python!', 'author': 'Bob'}
2025-09-10 18:39:58 | INFO | Processed JSON message: {'message': 'I love Python!', 'author': 'Bob'}
2025-09-10 18:39:58 | INFO | Message received from author: Bob
2025-09-10 18:39:58 | INFO | Updated author counts: {'Eve': 47, 'Alice': 69, 'Charlie': 42, 'Diana': 77, 'Bob': 50}
2025-09-10 18:39:59 | INFO | Sent message to topic 'buzzline_json': {'message': 'This is a buzz message.', 'author': 'Eve'}
2025-09-10 18:39:59 | INFO | Processed JSON message: {'message': 'This is a buzz message.', 'author': 'Eve'}
2025-09-10 18:39:59 | INFO | Message received from author: Eve
2025-09-10 18:39:59 | INFO | Updated author counts: {'Eve': 48, 'Alice': 69, 'Charlie': 42, 'Diana': 77, 'Bob': 50}
2025-09-10 18:40:00 | INFO | Sent message to topic 'buzzline_json': {'message': 'This is a buzz message.', 'author': 'Alice'}
2025-09-10 18:40:00 | INFO | Processed JSON message: {'message': 'This is a buzz message.', 'author': 'Alice'}
2025-09-10 18:40:00 | INFO | Message received from author: Alice
2025-09-10 18:40:00 | INFO | Updated author counts: {'Eve': 48, 'Alice': 70, 'Charlie': 42, 'Diana': 77, 'Bob': 50}
2025-09-10 18:40:01 | INFO | Sent message to topic 'buzzline_json': {'message': 'Distributed systems are fascinating.', 'author': 'Diana'}
2025-09-10 18:40:01 | INFO | Processed JSON message: {'message': 'Distributed systems are fascinating.', 'author': 'Diana'}
2025-09-10 18:40:01 | INFO | Message received from author: Diana
2025-09-10 18:40:01 | INFO | Updated author counts: {'Eve': 48, 'Alice': 70, 'Charlie': 42, 'Diana': 78, 'Bob': 50}
2025-09-10 18:40:02 | INFO | Sent message to topic 'buzzline_json': {'message': 'Streaming data is fun.', 'author': 'Eve'}
2025-09-10 18:40:02 | INFO | Processed JSON message: {'message': 'Streaming data is fun.', 'author': 'Eve'}
2025-09-10 18:40:02 | INFO | Message received from author: Eve
2025-09-10 18:40:02 | INFO | Updated author counts: {'Eve': 49, 'Alice': 70, 'Charlie': 42, 'Diana': 78, 'Bob': 50}
2025-09-10 18:40:03 | INFO | Sent message to topic 'buzzline_json': {'message': 'Have a great day!', 'author': 'Charlie'}
2025-09-10 18:40:03 | INFO | Processed JSON message: {'message': 'Have a great day!', 'author': 'Charlie'}
2025-09-10 18:40:03 | INFO | Message received from author: Charlie
2025-09-10 18:40:03 | INFO | Updated author counts: {'Eve': 49, 'Alice': 70, 'Charlie': 43, 'Diana': 78, 'Bob': 50}
2025-09-10 18:40:04 | INFO | Sent message to topic 'buzzline_json': {'message': 'JSON makes life easier.', 'author': 'Eve'}
2025-09-10 18:40:04 | INFO | Processed JSON message: {'message': 'JSON makes life easier.', 'author': 'Eve'}
2025-09-10 18:40:04 | INFO | Message received from author: Eve
2025-09-10 18:40:04 | INFO | Updated author counts: {'Eve': 50, 'Alice': 70, 'Charlie': 43, 'Diana': 78, 'Bob': 50}
2025-09-10 18:40:05 | INFO | Sent message to topic 'buzzline_json': {'message': 'Buzz messages for everyone.', 'author': 'Diana'}
2025-09-10 18:40:05 | INFO | Processed JSON message: {'message': 'Buzz messages for everyone.', 'author': 'Diana'}
2025-09-10 18:40:05 | INFO | Message received from author: Diana
2025-09-10 18:40:05 | INFO | Updated author counts: {'Eve': 50, 'Alice': 70, 'Charlie': 43, 'Diana': 79, 'Bob': 50}
2025-09-10 18:40:06 | INFO | Sent message to topic 'buzzline_json': {'message': 'This is a buzz message.', 'author': 'Charlie'}
2025-09-10 18:40:06 | INFO | Processed JSON message: {'message': 'This is a buzz message.', 'author': 'Charlie'}
2025-09-10 18:40:06 | INFO | Message received from author: Charlie
2025-09-10 18:40:06 | INFO | Updated author counts: {'Eve': 50, 'Alice': 70, 'Charlie': 44, 'Diana': 79, 'Bob': 50}
2025-09-10 18:40:07 | INFO | Sent message to topic 'buzzline_json': {'message': 'Distributed systems are fascinating.', 'author': 'Charlie'}
2025-09-10 18:40:07 | INFO | Processed JSON message: {'message': 'Distributed systems are fascinating.', 'author': 'Charlie'}
2025-09-10 18:40:07 | INFO | Message received from author: Charlie
2025-09-10 18:40:07 | INFO | Updated author counts: {'Eve': 50, 'Alice': 70, 'Charlie': 45, 'Diana': 79, 'Bob': 50}
2025-09-10 18:40:08 | INFO | Sent message to topic 'buzzline_json': {'message': 'Buzz messages for everyone.', 'author': 'Bob'}
2025-09-10 18:40:08 | INFO | Processed JSON message: {'message': 'Buzz messages for everyone.', 'author': 'Bob'}
2025-09-10 18:40:08 | INFO | Message received from author: Bob
2025-09-10 18:40:08 | INFO | Updated author counts: {'Eve': 50, 'Alice': 70, 'Charlie': 45, 'Diana': 79, 'Bob': 51}
2025-09-10 18:40:09 | INFO | Sent message to topic 'buzzline_json': {'message': 'This is a buzz message.', 'author': 'Eve'}
2025-09-10 18:40:09 | INFO | Processed JSON message: {'message': 'This is a buzz message.', 'author': 'Eve'}
2025-09-10 18:40:09 | INFO | Message received from author: Eve
2025-09-10 18:40:09 | INFO | Updated author counts: {'Eve': 51, 'Alice': 70, 'Charlie': 45, 'Diana': 79, 'Bob': 51}
2025-09-10 18:40:10 | INFO | Sent message to topic 'buzzline_json': {'message': 'Data engineering is my passion.', 'author': 'Diana'}
2025-09-10 18:40:10 | INFO | Processed JSON message: {'message': 'Data engineering is my passion.', 'author': 'Diana'}
2025-09-10 18:40:10 | INFO | Message received from author: Diana
2025-09-10 18:40:10 | INFO | Updated author counts: {'Eve': 51, 'Alice': 70, 'Charlie': 45, 'Diana': 80, 'Bob': 51}
2025-09-10 18:40:11 | INFO | Sent message to topic 'buzzline_json': {'message': 'Data engineering is my passion.', 'author': 'Alice'}
2025-09-10 18:40:11 | INFO | Processed JSON message: {'message': 'Data engineering is my passion.', 'author': 'Alice'}
2025-09-10 18:40:11 | INFO | Message received from author: Alice
2025-09-10 18:40:11 | INFO | Updated author counts: {'Eve': 51, 'Alice': 71, 'Charlie': 45, 'Diana': 80, 'Bob': 51}
2025-09-10 18:40:12 | INFO | Sent message to topic 'buzzline_json': {'message': 'Buzz messages for everyone.', 'author': 'Diana'}
2025-09-10 18:40:12 | INFO | Processed JSON message: {'message': 'Buzz messages for everyone.', 'author': 'Diana'}
2025-09-10 18:40:12 | INFO | Message received from author: Diana
2025-09-10 18:40:12 | INFO | Updated author counts: {'Eve': 51, 'Alice': 71, 'Charlie': 45, 'Diana': 81, 'Bob': 51}
2025-09-10 18:40:13 | INFO | Sent message to topic 'buzzline_json': {'message': 'JSON makes life easier.', 'author': 'Alice'}
2025-09-10 18:40:13 | INFO | Processed JSON message: {'message': 'JSON makes life easier.', 'author': 'Alice'}
2025-09-10 18:40:13 | INFO | Message received from author: Alice
2025-09-10 18:40:13 | INFO | Updated author counts: {'Eve': 51, 'Alice': 72, 'Charlie': 45, 'Diana': 81, 'Bob': 51}
2025-09-10 18:40:14 | INFO | Opening data file in read mode: C:/Users/USER/Documents/datastream-01/buzzline-03-hanson/data/buzz.json
2025-09-10 18:40:14 | INFO | Reading data from file: C:/Users/USER/Documents/datastream-01/buzzline-03-hanson/data/buzz.json
2025-09-10 18:40:14 | INFO | Sent message to topic 'buzzline_json': {'message': 'Data engineering is my passion.', 'author': 'Eve'}
2025-09-10 18:40:14 | INFO | Processed JSON message: {'message': 'Data engineering is my passion.', 'author': 'Eve'}
2025-09-10 18:40:14 | INFO | Message received from author: Eve
2025-09-10 18:40:14 | INFO | Updated author counts: {'Eve': 52, 'Alice': 72, 'Charlie': 45, 'Diana': 81, 'Bob': 51}
2025-09-10 18:40:15 | INFO | Sent message to topic 'buzzline_json': {'message': 'Distributed systems are fascinating.', 'author': 'Alice'}
2025-09-10 18:40:15 | INFO | Processed JSON message: {'message': 'Distributed systems are fascinating.', 'author': 'Alice'}
2025-09-10 18:40:15 | INFO | Message received from author: Alice
2025-09-10 18:40:15 | INFO | Updated author counts: {'Eve': 52, 'Alice': 73, 'Charlie': 45, 'Diana': 81, 'Bob': 51}
2025-09-10 18:40:16 | INFO | Sent message to topic 'buzzline_json': {'message': 'Have a great day!', 'author': 'Charlie'}
2025-09-10 18:40:17 | INFO | Processed JSON message: {'message': 'Have a great day!', 'author': 'Charlie'}
2025-09-10 18:40:17 | INFO | Message received from author: Charlie
2025-09-10 18:40:17 | INFO | Updated author counts: {'Eve': 52, 'Alice': 73, 'Charlie': 46, 'Diana': 81, 'Bob': 51}
2025-09-10 18:40:17 | INFO | Sent message to topic 'buzzline_json': {'message': 'Data engineering is my passion.', 'author': 'Alice'}
2025-09-10 18:40:18 | INFO | Processed JSON message: {'message': 'Data engineering is my passion.', 'author': 'Alice'}
2025-09-10 18:40:18 | INFO | Message received from author: Alice
2025-09-10 18:40:18 | INFO | Updated author counts: {'Eve': 52, 'Alice': 74, 'Charlie': 46, 'Diana': 81, 'Bob': 51}
2025-09-10 18:40:19 | INFO | Sent message to topic 'buzzline_json': {'message': 'Distributed systems are fascinating.', 'author': 'Diana'}
2025-09-10 18:40:19 | INFO | Processed JSON message: {'message': 'Distributed systems are fascinating.', 'author': 'Diana'}
2025-09-10 18:40:19 | INFO | Message received from author: Diana
2025-09-10 18:40:19 | INFO | Updated author counts: {'Eve': 52, 'Alice': 74, 'Charlie': 46, 'Diana': 82, 'Bob': 51}
2025-09-10 18:40:20 | INFO | Sent message to topic 'buzzline_json': {'message': 'Buzz messages for everyone.', 'author': 'Alice'}
2025-09-10 18:40:20 | INFO | Processed JSON message: {'message': 'Buzz messages for everyone.', 'author': 'Alice'}
2025-09-10 18:40:20 | INFO | Message received from author: Alice
2025-09-10 18:40:20 | INFO | Updated author counts: {'Eve': 52, 'Alice': 75, 'Charlie': 46, 'Diana': 82, 'Bob': 51}
2025-09-10 18:40:21 | INFO | Sent message to topic 'buzzline_json': {'message': 'Hello, Kafka world!', 'author': 'Diana'}
2025-09-10 18:40:21 | INFO | Processed JSON message: {'message': 'Hello, Kafka world!', 'author': 'Diana'}
2025-09-10 18:40:21 | INFO | Message received from author: Diana
2025-09-10 18:40:21 | INFO | Updated author counts: {'Eve': 52, 'Alice': 75, 'Charlie': 46, 'Diana': 83, 'Bob': 51}
2025-09-10 18:40:22 | INFO | Sent message to topic 'buzzline_json': {'message': 'This is a buzz message.', 'author': 'Eve'}
2025-09-10 18:40:22 | INFO | Processed JSON message: {'message': 'This is a buzz message.', 'author': 'Eve'}
2025-09-10 18:40:22 | INFO | Message received from author: Eve
2025-09-10 18:40:22 | INFO | Updated author counts: {'Eve': 53, 'Alice': 75, 'Charlie': 46, 'Diana': 83, 'Bob': 51}
2025-09-10 18:40:23 | INFO | Sent message to topic 'buzzline_json': {'message': 'JSON makes life easier.', 'author': 'Eve'}
2025-09-10 18:40:23 | INFO | Processed JSON message: {'message': 'JSON makes life easier.', 'author': 'Eve'}
2025-09-10 18:40:23 | INFO | Message received from author: Eve
2025-09-10 18:40:23 | INFO | Updated author counts: {'Eve': 54, 'Alice': 75, 'Charlie': 46, 'Diana': 83, 'Bob': 51}
2025-09-10 18:40:24 | INFO | Sent message to topic 'buzzline_json': {'message': 'JSON makes life easier.', 'author': 'Alice'}
2025-09-10 18:40:24 | INFO | Processed JSON message: {'message': 'JSON makes life easier.', 'author': 'Alice'}
2025-09-10 18:40:24 | INFO | Message received from author: Alice
2025-09-10 18:40:24 | INFO | Updated author counts: {'Eve': 54, 'Alice': 76, 'Charlie': 46, 'Diana': 83, 'Bob': 51}
2025-09-10 18:40:25 | INFO | Sent message to topic 'buzzline_json': {'message': 'Data engineering is my passion.', 'author': 'Diana'}
2025-09-10 18:40:25 | INFO | Processed JSON message: {'message': 'Data engineering is my passion.', 'author': 'Diana'}
2025-09-10 18:40:25 | INFO | Message received from author: Diana
2025-09-10 18:40:25 | INFO | Updated author counts: {'Eve': 54, 'Alice': 76, 'Charlie': 46, 'Diana': 84, 'Bob': 51}
2025-09-10 18:40:26 | INFO | Sent message to topic 'buzzline_json': {'message': 'JSON makes life easier.', 'author': 'Diana'}
2025-09-10 18:40:26 | INFO | Processed JSON message: {'message': 'JSON makes life easier.', 'author': 'Diana'}
2025-09-10 18:40:26 | INFO | Message received from author: Diana
2025-09-10 18:40:26 | INFO | Updated author counts: {'Eve': 54, 'Alice': 76, 'Charlie': 46, 'Diana': 85, 'Bob': 51}
2025-09-10 18:40:27 | INFO | Sent message to topic 'buzzline_json': {'message': 'Kafka is awesome.', 'author': 'Charlie'}
2025-09-10 18:40:27 | INFO | Processed JSON message: {'message': 'Kafka is awesome.', 'author': 'Charlie'}
2025-09-10 18:40:27 | INFO | Message received from author: Charlie
2025-09-10 18:40:27 | INFO | Updated author counts: {'Eve': 54, 'Alice': 76, 'Charlie': 47, 'Diana': 85, 'Bob': 51}
2025-09-10 18:40:28 | INFO | Sent message to topic 'buzzline_json': {'message': 'JSON makes life easier.', 'author': 'Bob'}
2025-09-10 18:40:28 | INFO | Processed JSON message: {'message': 'JSON makes life easier.', 'author': 'Bob'}
2025-09-10 18:40:28 | INFO | Message received from author: Bob
2025-09-10 18:40:28 | INFO | Updated author counts: {'Eve': 54, 'Alice': 76, 'Charlie': 47, 'Diana': 85, 'Bob': 52}
2025-09-10 18:40:29 | INFO | Sent message to topic 'buzzline_json': {'message': 'I love Python!', 'author': 'Bob'}
2025-09-10 18:40:29 | INFO | Processed JSON message: {'message': 'I love Python!', 'author': 'Bob'}
2025-09-10 18:40:29 | INFO | Message received from author: Bob
2025-09-10 18:40:29 | INFO | Updated author counts: {'Eve': 54, 'Alice': 76, 'Charlie': 47, 'Diana': 85, 'Bob': 53}
2025-09-10 18:40:30 | INFO | Sent message to topic 'buzzline_json': {'message': 'This is a buzz message.', 'author': 'Eve'}
2025-09-10 18:40:30 | INFO | Processed JSON message: {'message': 'This is a buzz message.', 'author': 'Eve'}
2025-09-10 18:40:30 | INFO | Message received from author: Eve
2025-09-10 18:40:30 | INFO | Updated author counts: {'Eve': 55, 'Alice': 76, 'Charlie': 47, 'Diana': 85, 'Bob': 53}
2025-09-10 18:40:31 | INFO | Sent message to topic 'buzzline_json': {'message': 'I love Python!', 'author': 'Eve'}
2025-09-10 18:40:31 | INFO | Processed JSON message: {'message': 'I love Python!', 'author': 'Eve'}
2025-09-10 18:40:31 | INFO | Message received from author: Eve
2025-09-10 18:40:31 | INFO | Updated author counts: {'Eve': 56, 'Alice': 76, 'Charlie': 47, 'Diana': 85, 'Bob': 53}
2025-09-10 18:40:32 | INFO | Sent message to topic 'buzzline_json': {'message': 'Buzz messages for everyone.', 'author': 'Alice'}
2025-09-10 18:40:32 | INFO | Processed JSON message: {'message': 'Buzz messages for everyone.', 'author': 'Alice'}
2025-09-10 18:40:32 | INFO | Message received from author: Alice
2025-09-10 18:40:32 | INFO | Updated author counts: {'Eve': 56, 'Alice': 77, 'Charlie': 47, 'Diana': 85, 'Bob': 53}
2025-09-10 18:40:33 | INFO | Sent message to topic 'buzzline_json': {'message': 'This is a buzz message.', 'author': 'Alice'}
2025-09-10 18:40:33 | INFO | Processed JSON message: {'message': 'This is a buzz message.', 'author': 'Alice'}
2025-09-10 18:40:33 | INFO | Message received from author: Alice
2025-09-10 18:40:33 | INFO | Updated author counts: {'Eve': 56, 'Alice': 78, 'Charlie': 47, 'Diana': 85, 'Bob': 53}
2025-09-10 18:40:34 | INFO | Sent message to topic 'buzzline_json': {'message': 'Data engineering is my passion.', 'author': 'Diana'}
2025-09-10 18:40:34 | INFO | Processed JSON message: {'message': 'Data engineering is my passion.', 'author': 'Diana'}
2025-09-10 18:40:34 | INFO | Message received from author: Diana
2025-09-10 18:40:34 | INFO | Updated author counts: {'Eve': 56, 'Alice': 78, 'Charlie': 47, 'Diana': 86, 'Bob': 53}
2025-09-10 18:40:35 | INFO | Sent message to topic 'buzzline_json': {'message': 'I love Python!', 'author': 'Eve'}
2025-09-10 18:40:35 | INFO | Processed JSON message: {'message': 'I love Python!', 'author': 'Eve'}
2025-09-10 18:40:35 | INFO | Message received from author: Eve
2025-09-10 18:40:35 | INFO | Updated author counts: {'Eve': 57, 'Alice': 78, 'Charlie': 47, 'Diana': 86, 'Bob': 53}
2025-09-10 18:40:36 | INFO | Sent message to topic 'buzzline_json': {'message': 'JSON makes life easier.', 'author': 'Charlie'}
2025-09-10 18:40:36 | INFO | Processed JSON message: {'message': 'JSON makes life easier.', 'author': 'Charlie'}
2025-09-10 18:40:36 | INFO | Message received from author: Charlie
2025-09-10 18:40:36 | INFO | Updated author counts: {'Eve': 57, 'Alice': 78, 'Charlie': 48, 'Diana': 86, 'Bob': 53}
2025-09-10 18:40:37 | INFO | Sent message to topic 'buzzline_json': {'message': 'Have a great day!', 'author': 'Bob'}
2025-09-10 18:40:37 | INFO | Processed JSON message: {'message': 'Have a great day!', 'author': 'Bob'}
2025-09-10 18:40:37 | INFO | Message received from author: Bob
2025-09-10 18:40:37 | INFO | Updated author counts: {'Eve': 57, 'Alice': 78, 'Charlie': 48, 'Diana': 86, 'Bob': 54}
2025-09-10 18:40:38 | INFO | Sent message to topic 'buzzline_json': {'message': 'Data engineering is my passion.', 'author': 'Alice'}
2025-09-10 18:40:38 | INFO | Processed JSON message: {'message': 'Data engineering is my passion.', 'author': 'Alice'}
2025-09-10 18:40:38 | INFO | Message received from author: Alice
2025-09-10 18:40:38 | INFO | Updated author counts: {'Eve': 57, 'Alice': 79, 'Charlie': 48, 'Diana': 86, 'Bob': 54}
2025-09-10 18:40:39 | INFO | Sent message to topic 'buzzline_json': {'message': 'Kafka is awesome.', 'author': 'Diana'}
2025-09-10 18:40:39 | INFO | Processed JSON message: {'message': 'Kafka is awesome.', 'author': 'Diana'}
2025-09-10 18:40:39 | INFO | Message received from author: Diana
2025-09-10 18:40:39 | INFO | Updated author counts: {'Eve': 57, 'Alice': 79, 'Charlie': 48, 'Diana': 87, 'Bob': 54}
2025-09-10 18:40:40 | INFO | Sent message to topic 'buzzline_json': {'message': 'Kafka is awesome.', 'author': 'Diana'}
2025-09-10 18:40:40 | INFO | Processed JSON message: {'message': 'Kafka is awesome.', 'author': 'Diana'}
2025-09-10 18:40:40 | INFO | Message received from author: Diana
2025-09-10 18:40:40 | INFO | Updated author counts: {'Eve': 57, 'Alice': 79, 'Charlie': 48, 'Diana': 88, 'Bob': 54}
2025-09-10 18:40:41 | INFO | Sent message to topic 'buzzline_json': {'message': 'Hello, Kafka world!', 'author': 'Bob'}
2025-09-10 18:40:41 | INFO | Processed JSON message: {'message': 'Hello, Kafka world!', 'author': 'Bob'}
2025-09-10 18:40:41 | INFO | Message received from author: Bob
2025-09-10 18:40:41 | INFO | Updated author counts: {'Eve': 57, 'Alice': 79, 'Charlie': 48, 'Diana': 88, 'Bob': 55}
2025-09-10 18:40:42 | INFO | Sent message to topic 'buzzline_json': {'message': 'Distributed systems are fascinating.', 'author': 'Diana'}
2025-09-10 18:40:42 | INFO | Processed JSON message: {'message': 'Distributed systems are fascinating.', 'author': 'Diana'}
2025-09-10 18:40:42 | INFO | Message received from author: Diana
2025-09-10 18:40:42 | INFO | Updated author counts: {'Eve': 57, 'Alice': 79, 'Charlie': 48, 'Diana': 89, 'Bob': 55}
2025-09-10 18:40:43 | INFO | Sent message to topic 'buzzline_json': {'message': 'I love Python!', 'author': 'Diana'}
2025-09-10 18:40:43 | INFO | Processed JSON message: {'message': 'I love Python!', 'author': 'Diana'}
2025-09-10 18:40:43 | INFO | Message received from author: Diana
2025-09-10 18:40:43 | INFO | Updated author counts: {'Eve': 57, 'Alice': 79, 'Charlie': 48, 'Diana': 90, 'Bob': 55}
2025-09-10 18:40:44 | INFO | Sent message to topic 'buzzline_json': {'message': 'Have a great day!', 'author': 'Alice'}
2025-09-10 18:40:44 | INFO | Processed JSON message: {'message': 'Have a great day!', 'author': 'Alice'}
2025-09-10 18:40:44 | INFO | Message received from author: Alice
2025-09-10 18:40:44 | INFO | Updated author counts: {'Eve': 57, 'Alice': 80, 'Charlie': 48, 'Diana': 90, 'Bob': 55}
2025-09-10 18:40:45 | INFO | Sent message to topic 'buzzline_json': {'message': 'Hello, Kafka world!', 'author': 'Charlie'}
2025-09-10 18:40:45 | INFO | Processed JSON message: {'message': 'Hello, Kafka world!', 'author': 'Charlie'}
2025-09-10 18:40:45 | INFO | Message received from author: Charlie
2025-09-10 18:40:45 | INFO | Updated author counts: {'Eve': 57, 'Alice': 80, 'Charlie': 49, 'Diana': 90, 'Bob': 55}
2025-09-10 18:40:46 | INFO | Sent message to topic 'buzzline_json': {'message': 'JSON makes life easier.', 'author': 'Diana'}
2025-09-10 18:40:46 | INFO | Processed JSON message: {'message': 'JSON makes life easier.', 'author': 'Diana'}
2025-09-10 18:40:46 | INFO | Message received from author: Diana
2025-09-10 18:40:46 | INFO | Updated author counts: {'Eve': 57, 'Alice': 80, 'Charlie': 49, 'Diana': 91, 'Bob': 55}
2025-09-10 18:40:47 | INFO | Sent message to topic 'buzzline_json': {'message': 'I love Python!', 'author': 'Bob'}
2025-09-10 18:40:47 | INFO | Processed JSON message: {'message': 'I love Python!', 'author': 'Bob'}
2025-09-10 18:40:47 | INFO | Message received from author: Bob
2025-09-10 18:40:47 | INFO | Updated author counts: {'Eve': 57, 'Alice': 80, 'Charlie': 49, 'Diana': 91, 'Bob': 56}
2025-09-10 18:40:48 | INFO | Sent message to topic 'buzzline_json': {'message': 'Have a great day!', 'author': 'Diana'}
2025-09-10 18:40:48 | INFO | Processed JSON message: {'message': 'Have a great day!', 'author': 'Diana'}
2025-09-10 18:40:48 | INFO | Message received from author: Diana
2025-09-10 18:40:48 | INFO | Updated author counts: {'Eve': 57, 'Alice': 80, 'Charlie': 49, 'Diana': 92, 'Bob': 56}
2025-09-10 18:40:49 | INFO | Sent message to topic 'buzzline_json': {'message': 'Hello, Kafka world!', 'author': 'Alice'}
2025-09-10 18:40:49 | INFO | Processed JSON message: {'message': 'Hello, Kafka world!', 'author': 'Alice'}
2025-09-10 18:40:49 | INFO | Message received from author: Alice
2025-09-10 18:40:49 | INFO | Updated author counts: {'Eve': 57, 'Alice': 81, 'Charlie': 49, 'Diana': 92, 'Bob': 56}
2025-09-10 18:40:50 | INFO | Sent message to topic 'buzzline_json': {'message': 'JSON makes life easier.', 'author': 'Alice'}
2025-09-10 18:40:50 | INFO | Processed JSON message: {'message': 'JSON makes life easier.', 'author': 'Alice'}
2025-09-10 18:40:50 | INFO | Message received from author: Alice
2025-09-10 18:40:50 | INFO | Updated author counts: {'Eve': 57, 'Alice': 82, 'Charlie': 49, 'Diana': 92, 'Bob': 56}
2025-09-10 18:40:51 | INFO | Sent message to topic 'buzzline_json': {'message': 'Buzz messages for everyone.', 'author': 'Charlie'}
2025-09-10 18:40:51 | INFO | Processed JSON message: {'message': 'Buzz messages for everyone.', 'author': 'Charlie'}
2025-09-10 18:40:51 | INFO | Message received from author: Charlie
2025-09-10 18:40:51 | INFO | Updated author counts: {'Eve': 57, 'Alice': 82, 'Charlie': 50, 'Diana': 92, 'Bob': 56}
2025-09-10 18:40:52 | INFO | Sent message to topic 'buzzline_json': {'message': 'Buzz messages for everyone.', 'author': 'Bob'}
2025-09-10 18:40:52 | INFO | Processed JSON message: {'message': 'Buzz messages for everyone.', 'author': 'Bob'}
2025-09-10 18:40:52 | INFO | Message received from author: Bob
2025-09-10 18:40:52 | INFO | Updated author counts: {'Eve': 57, 'Alice': 82, 'Charlie': 50, 'Diana': 92, 'Bob': 57}
2025-09-10 18:40:53 | INFO | Sent message to topic 'buzzline_json': {'message': 'Streaming data is fun.', 'author': 'Diana'}
2025-09-10 18:40:53 | INFO | Processed JSON message: {'message': 'Streaming data is fun.', 'author': 'Diana'}
2025-09-10 18:40:53 | INFO | Message received from author: Diana
2025-09-10 18:40:53 | INFO | Updated author counts: {'Eve': 57, 'Alice': 82, 'Charlie': 50, 'Diana': 93, 'Bob': 57}
2025-09-10 18:40:54 | INFO | Sent message to topic 'buzzline_json': {'message': 'Have a great day!', 'author': 'Diana'}
2025-09-10 18:40:54 | INFO | Processed JSON message: {'message': 'Have a great day!', 'author': 'Diana'}
2025-09-10 18:40:54 | INFO | Message received from author: Diana
2025-09-10 18:40:54 | INFO | Updated author counts: {'Eve': 57, 'Alice': 82, 'Charlie': 50, 'Diana': 94, 'Bob': 57}
2025-09-10 18:40:55 | INFO | Sent message to topic 'buzzline_json': {'message': 'I love Python!', 'author': 'Alice'}
2025-09-10 18:40:55 | INFO | Processed JSON message: {'message': 'I love Python!', 'author': 'Alice'}
2025-09-10 18:40:55 | INFO | Message received from author: Alice
2025-09-10 18:40:55 | INFO | Updated author counts: {'Eve': 57, 'Alice': 83, 'Charlie': 50, 'Diana': 94, 'Bob': 57}
2025-09-10 18:40:56 | INFO | Sent message to topic 'buzzline_json': {'message': 'Streaming data is fun.', 'author': 'Charlie'}
2025-09-10 18:40:56 | INFO | Processed JSON message: {'message': 'Streaming data is fun.', 'author': 'Charlie'}
2025-09-10 18:40:56 | INFO | Message received from author: Charlie
2025-09-10 18:40:56 | INFO | Updated author counts: {'Eve': 57, 'Alice': 83, 'Charlie': 51, 'Diana': 94, 'Bob': 57}
2025-09-10 18:40:57 | INFO | Sent message to topic 'buzzline_json': {'message': 'Kafka is awesome.', 'author': 'Alice'}
2025-09-10 18:40:57 | INFO | Processed JSON message: {'message': 'Kafka is awesome.', 'author': 'Alice'}
2025-09-10 18:40:57 | INFO | Message received from author: Alice
2025-09-10 18:40:57 | INFO | Updated author counts: {'Eve': 57, 'Alice': 84, 'Charlie': 51, 'Diana': 94, 'Bob': 57}
2025-09-10 18:40:58 | INFO | Sent message to topic 'buzzline_json': {'message': 'Kafka is awesome.', 'author': 'Diana'}
2025-09-10 18:40:58 | INFO | Processed JSON message: {'message': 'Kafka is awesome.', 'author': 'Diana'}
2025-09-10 18:40:58 | INFO | Message received from author: Diana
2025-09-10 18:40:58 | INFO | Updated author counts: {'Eve': 57, 'Alice': 84, 'Charlie': 51, 'Diana': 95, 'Bob': 57}
2025-09-10 18:40:59 | INFO | Sent message to topic 'buzzline_json': {'message': 'Kafka is awesome.', 'author': 'Alice'}
2025-09-10 18:40:59 | INFO | Processed JSON message: {'message': 'Kafka is awesome.', 'author': 'Alice'}
2025-09-10 18:40:59 | INFO | Message received from author: Alice
2025-09-10 18:40:59 | INFO | Updated author counts: {'Eve': 57, 'Alice': 85, 'Charlie': 51, 'Diana': 95, 'Bob': 57}
2025-09-10 18:41:00 | INFO | Sent message to topic 'buzzline_json': {'message': 'JSON makes life easier.', 'author': 'Bob'}
2025-09-10 18:41:00 | INFO | Processed JSON message: {'message': 'JSON makes life easier.', 'author': 'Bob'}
2025-09-10 18:41:00 | INFO | Message received from author: Bob
2025-09-10 18:41:00 | INFO | Updated author counts: {'Eve': 57, 'Alice': 85, 'Charlie': 51, 'Diana': 95, 'Bob': 58}
2025-09-10 18:41:01 | INFO | Sent message to topic 'buzzline_json': {'message': 'This is a buzz message.', 'author': 'Bob'}
2025-09-10 18:41:01 | INFO | Processed JSON message: {'message': 'This is a buzz message.', 'author': 'Bob'}
2025-09-10 18:41:01 | INFO | Message received from author: Bob
2025-09-10 18:41:01 | INFO | Updated author counts: {'Eve': 57, 'Alice': 85, 'Charlie': 51, 'Diana': 95, 'Bob': 59}
2025-09-10 18:41:02 | INFO | Sent message to topic 'buzzline_json': {'message': 'Streaming data is fun.', 'author': 'Diana'}
2025-09-10 18:41:02 | INFO | Processed JSON message: {'message': 'Streaming data is fun.', 'author': 'Diana'}
2025-09-10 18:41:02 | INFO | Message received from author: Diana
2025-09-10 18:41:02 | INFO | Updated author counts: {'Eve': 57, 'Alice': 85, 'Charlie': 51, 'Diana': 96, 'Bob': 59}
2025-09-10 18:41:03 | INFO | Sent message to topic 'buzzline_json': {'message': 'Have a great day!', 'author': 'Bob'}
2025-09-10 18:41:03 | INFO | Processed JSON message: {'message': 'Have a great day!', 'author': 'Bob'}
2025-09-10 18:41:03 | INFO | Message received from author: Bob
2025-09-10 18:41:03 | INFO | Updated author counts: {'Eve': 57, 'Alice': 85, 'Charlie': 51, 'Diana': 96, 'Bob': 60}
2025-09-10 18:41:04 | INFO | Sent message to topic 'buzzline_json': {'message': 'This is a buzz message.', 'author': 'Eve'}
2025-09-10 18:41:04 | INFO | Processed JSON message: {'message': 'This is a buzz message.', 'author': 'Eve'}
2025-09-10 18:41:04 | INFO | Message received from author: Eve
2025-09-10 18:41:04 | INFO | Updated author counts: {'Eve': 58, 'Alice': 85, 'Charlie': 51, 'Diana': 96, 'Bob': 60}
2025-09-10 18:41:05 | INFO | Sent message to topic 'buzzline_json': {'message': 'Hello, Kafka world!', 'author': 'Bob'}
2025-09-10 18:41:05 | INFO | Processed JSON message: {'message': 'Hello, Kafka world!', 'author': 'Bob'}
2025-09-10 18:41:05 | INFO | Message received from author: Bob
2025-09-10 18:41:05 | INFO | Updated author counts: {'Eve': 58, 'Alice': 85, 'Charlie': 51, 'Diana': 96, 'Bob': 61}
2025-09-10 18:41:06 | INFO | Sent message to topic 'buzzline_json': {'message': 'This is a buzz message.', 'author': 'Alice'}
2025-09-10 18:41:06 | INFO | Processed JSON message: {'message': 'This is a buzz message.', 'author': 'Alice'}
2025-09-10 18:41:06 | INFO | Message received from author: Alice
